f:\syd8801\tool\calculator\syd_calculator1\debug\arithmetic.lib
f:\syd8801\tool\calculator\syd_calculator1\debug\arithmetic.exp
f:\syd8801\tool\calculator\syd_calculator\debug\arithmetic.lib
f:\syd8801\tool\calculator\syd_calculator\debug\arithmetic.exp
f:\syd8801\tool\calculator\syd_calculator\arithmetic\debug\arithmetic.pch
f:\syd8801\tool\calculator\syd_calculator\arithmetic\debug\vc142.pdb
f:\syd8801\tool\calculator\syd_calculator\arithmetic\debug\vc142.idb
f:\syd8801\tool\calculator\syd_calculator\arithmetic\debug\stdafx.obj
f:\syd8801\tool\calculator\syd_calculator\arithmetic\debug\dllmain.obj
f:\syd8801\tool\calculator\syd_calculator\arithmetic\debug\arithmetic.obj
f:\syd8801\tool\calculator\syd_calculator\arithmetic\debug\arithmetic.ilk
f:\syd8801\tool\calculator\syd_calculator\debug\arithmetic.dll
f:\syd8801\tool\calculator\syd_calculator\debug\arithmetic.pdb
f:\syd8801\tool\calculator\syd_calculator\debug\arithmetic.ilk
f:\syd8801\tool\calculator\syd_calculator\arithmetic\debug\arithmetic.tlog\arithmetic.write.1u.tlog
f:\syd8801\tool\calculator\syd_calculator\arithmetic\debug\arithmetic.tlog\cl.command.1.tlog
f:\syd8801\tool\calculator\syd_calculator\arithmetic\debug\arithmetic.tlog\cl.read.1.tlog
f:\syd8801\tool\calculator\syd_calculator\arithmetic\debug\arithmetic.tlog\cl.write.1.tlog
f:\syd8801\tool\calculator\syd_calculator\arithmetic\debug\arithmetic.tlog\link.command.1.tlog
f:\syd8801\tool\calculator\syd_calculator\arithmetic\debug\arithmetic.tlog\link.delete.1.tlog
f:\syd8801\tool\calculator\syd_calculator\arithmetic\debug\arithmetic.tlog\link.read.1.tlog
f:\syd8801\tool\calculator\syd_calculator\arithmetic\debug\arithmetic.tlog\link.write.1.tlog
